<?xml version="1.0" encoding="UTF-8"?>
<!-- Generated by org.testng.reporters.JUnitReportReporter -->
<testsuite hostname="lakshit-MacBook.local" failures="0" tests="2" name="ZZ.com.java.ZZ.com.java.testng2" time="238.894" errors="0" timestamp="2024-06-08T09:17:23 IST" skipped="0">
  <testcase classname="ZZ.com.java.ZZ.com.java.testng2" name="runfirstmethod" time="67.426"/>
  <testcase classname="ZZ.com.java.ZZ.com.java.testng2" name="runsecondmethod" time="171.468"/>
</testsuite> <!-- ZZ.com.java.ZZ.com.java.testng2 -->
