<?xml version="1.0" encoding="UTF-8"?>
<!-- Generated by org.testng.reporters.JUnitReportReporter -->
<testsuite hostname="lakshit-MacBook.local" failures="0" tests="1" name="ZZ.com.java.ZZ.com.java.testngtest" time="0.007" errors="0" timestamp="2024-06-08T09:17:23 IST" skipped="0">
  <testcase classname="ZZ.com.java.ZZ.com.java.testngtest" name="runfirsttest" time="0.007"/>
</testsuite> <!-- ZZ.com.java.ZZ.com.java.testngtest -->
