<?xml version="1.0" encoding="UTF-8"?>
<!-- Generated by org.testng.reporters.JUnitReportReporter -->
<testsuite hostname="lakshit-MacBook.local" failures="0" tests="2" name="ZZ.com.java.ZZ.com.java.Testng" time="47.253" errors="0" timestamp="2024-06-08T09:17:23 IST" skipped="0">
  <testcase classname="ZZ.com.java.ZZ.com.java.Testng" name="takescrenshoot2" time="24.694"/>
  <testcase classname="ZZ.com.java.ZZ.com.java.Testng" name="takescrenshoot" time="22.559"/>
</testsuite> <!-- ZZ.com.java.ZZ.com.java.Testng -->
